2017-03-22 14:00:12 Error: [MissingViewException] View file "Shipments\index.ctp" is missing.
Exception Attributes: array (
  'file' => 'Shipments\\index.ctp',
)
Request URL: /OMA_envios/shipments
Stack Trace:
#0 C:\xampp\htdocs\OMA_envios\lib\Cake\View\View.php(470): View->_getViewFileName(NULL)
#1 C:\xampp\htdocs\OMA_envios\lib\Cake\Controller\Controller.php(963): View->render(NULL, NULL)
#2 C:\xampp\htdocs\OMA_envios\lib\Cake\Routing\Dispatcher.php(200): Controller->render()
#3 C:\xampp\htdocs\OMA_envios\lib\Cake\Routing\Dispatcher.php(167): Dispatcher->_invoke(Object(ShipmentsController), Object(CakeRequest))
#4 C:\xampp\htdocs\OMA_envios\app\webroot\index.php(111): Dispatcher->dispatch(Object(CakeRequest), Object(CakeResponse))
#5 {main}
2017-03-22 14:14:44 Error: [MissingViewException] View file "Shipments\view.ctp" is missing.
Exception Attributes: array (
  'file' => 'Shipments\\view.ctp',
)
Request URL: /OMA_envios/shipments/1
Stack Trace:
#0 C:\xampp\htdocs\OMA_envios\lib\Cake\View\View.php(470): View->_getViewFileName(NULL)
#1 C:\xampp\htdocs\OMA_envios\lib\Cake\Controller\Controller.php(963): View->render(NULL, NULL)
#2 C:\xampp\htdocs\OMA_envios\lib\Cake\Routing\Dispatcher.php(200): Controller->render()
#3 C:\xampp\htdocs\OMA_envios\lib\Cake\Routing\Dispatcher.php(167): Dispatcher->_invoke(Object(ShipmentsController), Object(CakeRequest))
#4 C:\xampp\htdocs\OMA_envios\app\webroot\index.php(111): Dispatcher->dispatch(Object(CakeRequest), Object(CakeResponse))
#5 {main}
2017-03-22 14:15:54 Error: [MissingControllerException] Controller class Shipments.jsonController could not be found.
Exception Attributes: array (
  'class' => 'Shipments.jsonController',
  'plugin' => NULL,
)
Request URL: /OMA_envios/shipments.json
Stack Trace:
#0 C:\xampp\htdocs\OMA_envios\app\webroot\index.php(111): Dispatcher->dispatch(Object(CakeRequest), Object(CakeResponse))
#1 {main}
2017-03-22 14:21:33 Error: Fatal Error (4): syntax error, unexpected 'CakePlugin' (T_STRING) in [C:\xampp\htdocs\OMA_envios\app\Config\routes.php, line 46]
2017-03-22 14:21:33 Error: [FatalErrorException] syntax error, unexpected 'CakePlugin' (T_STRING)
Request URL: /OMA_envios/shipments
Stack Trace:
#0 C:\xampp\htdocs\OMA_envios\lib\Cake\Error\ErrorHandler.php(213): ErrorHandler::handleFatalError(4, 'syntax error, u...', 'C:\\xampp\\htdocs...', 46)
#1 [internal function]: ErrorHandler::handleError(4, 'syntax error, u...', 'C:\\xampp\\htdocs...', 46, Array)
#2 C:\xampp\htdocs\OMA_envios\lib\Cake\Core\App.php(970): call_user_func('ErrorHandler::h...', 4, 'syntax error, u...', 'C:\\xampp\\htdocs...', 46, Array)
#3 C:\xampp\htdocs\OMA_envios\lib\Cake\Core\App.php(943): App::_checkFatalError()
#4 [internal function]: App::shutdown()
#5 {main}
2017-03-23 18:49:53 Error: [MissingActionException] Action AppController::webroot() could not be found.
Exception Attributes: array (
  'controller' => 'AppController',
  'action' => 'webroot',
)
Request URL: /OMA_Envios/app/webroot/
Stack Trace:
#0 C:\xampp\htdocs\OMA_envios\lib\Cake\Routing\Dispatcher.php(193): Controller->invokeAction(Object(CakeRequest))
#1 C:\xampp\htdocs\OMA_envios\lib\Cake\Routing\Dispatcher.php(167): Dispatcher->_invoke(Object(AppController), Object(CakeRequest))
#2 C:\xampp\htdocs\OMA_envios\app\webroot\index.php(110): Dispatcher->dispatch(Object(CakeRequest), Object(CakeResponse))
#3 {main}
2017-03-23 18:50:33 Error: [MissingActionException] Action AppController::webroot() could not be found.
Exception Attributes: array (
  'controller' => 'AppController',
  'action' => 'webroot',
)
Request URL: /OMA_Envios/app/webroot/
Stack Trace:
#0 C:\xampp\htdocs\OMA_envios\lib\Cake\Routing\Dispatcher.php(193): Controller->invokeAction(Object(CakeRequest))
#1 C:\xampp\htdocs\OMA_envios\lib\Cake\Routing\Dispatcher.php(167): Dispatcher->_invoke(Object(AppController), Object(CakeRequest))
#2 C:\xampp\htdocs\OMA_envios\app\webroot\index.php(110): Dispatcher->dispatch(Object(CakeRequest), Object(CakeResponse))
#3 {main}
2017-03-23 18:50:34 Error: [MissingActionException] Action AppController::webroot() could not be found.
Exception Attributes: array (
  'controller' => 'AppController',
  'action' => 'webroot',
)
Request URL: /OMA_Envios/app/webroot/
Stack Trace:
#0 C:\xampp\htdocs\OMA_envios\lib\Cake\Routing\Dispatcher.php(193): Controller->invokeAction(Object(CakeRequest))
#1 C:\xampp\htdocs\OMA_envios\lib\Cake\Routing\Dispatcher.php(167): Dispatcher->_invoke(Object(AppController), Object(CakeRequest))
#2 C:\xampp\htdocs\OMA_envios\app\webroot\index.php(110): Dispatcher->dispatch(Object(CakeRequest), Object(CakeResponse))
#3 {main}
2017-03-23 18:51:17 Error: [MissingActionException] Action AppController::webroot() could not be found.
Exception Attributes: array (
  'controller' => 'AppController',
  'action' => 'webroot',
)
Request URL: /OMA_Envios/app/webroot/
Stack Trace:
#0 C:\xampp\htdocs\OMA_envios\lib\Cake\Routing\Dispatcher.php(193): Controller->invokeAction(Object(CakeRequest))
#1 C:\xampp\htdocs\OMA_envios\lib\Cake\Routing\Dispatcher.php(167): Dispatcher->_invoke(Object(AppController), Object(CakeRequest))
#2 C:\xampp\htdocs\OMA_envios\app\webroot\index.php(110): Dispatcher->dispatch(Object(CakeRequest), Object(CakeResponse))
#3 {main}
2017-03-23 18:51:18 Error: [MissingActionException] Action AppController::webroot() could not be found.
Exception Attributes: array (
  'controller' => 'AppController',
  'action' => 'webroot',
)
Request URL: /OMA_Envios/app/webroot/
Stack Trace:
#0 C:\xampp\htdocs\OMA_envios\lib\Cake\Routing\Dispatcher.php(193): Controller->invokeAction(Object(CakeRequest))
#1 C:\xampp\htdocs\OMA_envios\lib\Cake\Routing\Dispatcher.php(167): Dispatcher->_invoke(Object(AppController), Object(CakeRequest))
#2 C:\xampp\htdocs\OMA_envios\app\webroot\index.php(110): Dispatcher->dispatch(Object(CakeRequest), Object(CakeResponse))
#3 {main}
2017-03-23 18:51:23 Error: [MissingControllerException] Controller class OMAEnviosController could not be found.
Exception Attributes: array (
  'class' => 'OMAEnviosController',
  'plugin' => NULL,
)
Request URL: /OMA_envios/OMA_Envios/app/
Stack Trace:
#0 C:\xampp\htdocs\OMA_envios\app\webroot\index.php(110): Dispatcher->dispatch(Object(CakeRequest), Object(CakeResponse))
#1 {main}
2017-03-23 18:51:32 Error: [MissingControllerException] Controller class OMAEnviosController could not be found.
Exception Attributes: array (
  'class' => 'OMAEnviosController',
  'plugin' => NULL,
)
Request URL: /OMA_envios/OMA_Envios/
Stack Trace:
#0 C:\xampp\htdocs\OMA_envios\app\webroot\index.php(110): Dispatcher->dispatch(Object(CakeRequest), Object(CakeResponse))
#1 {main}
2017-03-23 18:52:23 Error: [MissingControllerException] Controller class OMAEnviosController could not be found.
Exception Attributes: array (
  'class' => 'OMAEnviosController',
  'plugin' => NULL,
)
Request URL: /OMA_envios/OMA_Envios/
Stack Trace:
#0 C:\xampp\htdocs\OMA_envios\app\webroot\index.php(110): Dispatcher->dispatch(Object(CakeRequest), Object(CakeResponse))
#1 {main}
2017-03-23 18:52:25 Error: [MissingControllerException] Controller class OMAEnviosController could not be found.
Exception Attributes: array (
  'class' => 'OMAEnviosController',
  'plugin' => NULL,
)
Request URL: /OMA_envios/OMA_Envios/
Stack Trace:
#0 C:\xampp\htdocs\OMA_envios\app\webroot\index.php(110): Dispatcher->dispatch(Object(CakeRequest), Object(CakeResponse))
#1 {main}
2017-03-23 18:57:18 Error: [MissingControllerException] Controller class OMAEnviosController could not be found.
Exception Attributes: array (
  'class' => 'OMAEnviosController',
  'plugin' => NULL,
)
Request URL: /OMA_envios/OMA_Envios/
Stack Trace:
#0 C:\xampp\htdocs\OMA_envios\app\webroot\index.php(110): Dispatcher->dispatch(Object(CakeRequest), Object(CakeResponse))
#1 {main}
2017-03-23 18:59:23 Error: [MissingControllerException] Controller class OMAEnviosController could not be found.
Exception Attributes: array (
  'class' => 'OMAEnviosController',
  'plugin' => NULL,
)
Request URL: /OMA_envios/OMA_Envios/
Stack Trace:
#0 C:\xampp\htdocs\OMA_envios\app\webroot\index.php(110): Dispatcher->dispatch(Object(CakeRequest), Object(CakeResponse))
#1 {main}
2017-03-23 19:15:28 Error: [MissingControllerException] Controller class OMAEnviosController could not be found.
Exception Attributes: array (
  'class' => 'OMAEnviosController',
  'plugin' => NULL,
)
Request URL: /OMA_envios/OMA_Envios/index.php
Stack Trace:
#0 C:\xampp\htdocs\OMA_envios\app\webroot\index.php(110): Dispatcher->dispatch(Object(CakeRequest), Object(CakeResponse))
#1 {main}
2017-03-24 20:39:25 Error: [MissingControllerException] Controller class OMAEnviosController could not be found.
Exception Attributes: array (
  'class' => 'OMAEnviosController',
  'plugin' => NULL,
)
Request URL: /OMA_envios/OMA_Envios/index.php
Stack Trace:
#0 C:\xampp\htdocs\OMA_envios\app\webroot\index.php(110): Dispatcher->dispatch(Object(CakeRequest), Object(CakeResponse))
#1 {main}
2017-03-24 20:40:41 Error: [MissingControllerException] Controller class OMAEnviosController could not be found.
Exception Attributes: array (
  'class' => 'OMAEnviosController',
  'plugin' => NULL,
)
Request URL: /OMA_envios/OMA_Envios/index.php
Stack Trace:
#0 C:\xampp\htdocs\OMA_envios\app\webroot\index.php(110): Dispatcher->dispatch(Object(CakeRequest), Object(CakeResponse))
#1 {main}
2017-03-24 20:43:16 Error: [MissingControllerException] Controller class OmaEnviosController could not be found.
Exception Attributes: array (
  'class' => 'OmaEnviosController',
  'plugin' => NULL,
)
Request URL: /OMA_envios/oma_envios/
Stack Trace:
#0 C:\xampp\htdocs\OMA_envios\app\webroot\index.php(110): Dispatcher->dispatch(Object(CakeRequest), Object(CakeResponse))
#1 {main}
2017-03-24 20:40:57 Error: [MissingControllerException] Controller class OmaEnviosController could not be found.
Exception Attributes: array (
  'class' => 'OmaEnviosController',
  'plugin' => NULL,
)
Request URL: /OMA_envios/oma_envios/
Stack Trace:
#0 C:\wamp\www\OMA_envios\app\webroot\index.php(111): Dispatcher->dispatch(Object(CakeRequest), Object(CakeResponse))
#1 {main}
2017-03-24 20:43:36 Error: [MissingControllerException] Controller class OmaEnviosController could not be found.
Exception Attributes: array (
  'class' => 'OmaEnviosController',
  'plugin' => NULL,
)
Request URL: /OMA_envios/oma_envios/
Stack Trace:
#0 C:\wamp\www\OMA_envios\app\webroot\index.php(111): Dispatcher->dispatch(Object(CakeRequest), Object(CakeResponse))
#1 {main}
2017-03-24 20:50:26 Error: [MissingControllerException] Controller class OmaEnviosController could not be found.
Exception Attributes: array (
  'class' => 'OmaEnviosController',
  'plugin' => NULL,
)
Request URL: /OMA_envios/oma_envios/
Stack Trace:
#0 C:\wamp\www\OMA_envios\app\webroot\index.php(111): Dispatcher->dispatch(Object(CakeRequest), Object(CakeResponse))
#1 {main}
2017-03-24 21:38:01 Error: [MissingControllerException] Controller class FontsController could not be found.
Exception Attributes: array (
  'class' => 'FontsController',
  'plugin' => NULL,
)
Request URL: /OMA_envios/fonts/fontawesome-webfont.woff2?v=4.6.3
Stack Trace:
#0 C:\wamp\www\OMA_envios\app\webroot\index.php(111): Dispatcher->dispatch(Object(CakeRequest), Object(CakeResponse))
#1 {main}
2017-03-24 21:38:01 Error: [MissingControllerException] Controller class FontsController could not be found.
Exception Attributes: array (
  'class' => 'FontsController',
  'plugin' => NULL,
)
Request URL: /OMA_envios/fonts/fontawesome-webfont.woff?v=4.6.3
Stack Trace:
#0 C:\wamp\www\OMA_envios\app\webroot\index.php(111): Dispatcher->dispatch(Object(CakeRequest), Object(CakeResponse))
#1 {main}
2017-03-24 21:38:02 Error: [MissingControllerException] Controller class FontsController could not be found.
Exception Attributes: array (
  'class' => 'FontsController',
  'plugin' => NULL,
)
Request URL: /OMA_envios/fonts/fontawesome-webfont.ttf?v=4.6.3
Stack Trace:
#0 C:\wamp\www\OMA_envios\app\webroot\index.php(111): Dispatcher->dispatch(Object(CakeRequest), Object(CakeResponse))
#1 {main}
2017-03-24 21:38:32 Error: [MissingControllerException] Controller class CssController could not be found.
Exception Attributes: array (
  'class' => 'CssController',
  'plugin' => NULL,
)
Request URL: /OMA_envios/css/bootstrap.min.css.map
Stack Trace:
#0 C:\wamp\www\OMA_envios\app\webroot\index.php(111): Dispatcher->dispatch(Object(CakeRequest), Object(CakeResponse))
#1 {main}
2017-03-24 21:38:37 Error: [MissingControllerException] Controller class FontsController could not be found.
Exception Attributes: array (
  'class' => 'FontsController',
  'plugin' => NULL,
)
Request URL: /OMA_envios/fonts/fontawesome-webfont.woff2?v=4.6.3
Stack Trace:
#0 C:\wamp\www\OMA_envios\app\webroot\index.php(111): Dispatcher->dispatch(Object(CakeRequest), Object(CakeResponse))
#1 {main}
2017-03-24 21:38:37 Error: [MissingControllerException] Controller class CssController could not be found.
Exception Attributes: array (
  'class' => 'CssController',
  'plugin' => NULL,
)
Request URL: /OMA_envios/css/bootstrap.min.css.map
Stack Trace:
#0 C:\wamp\www\OMA_envios\app\webroot\index.php(111): Dispatcher->dispatch(Object(CakeRequest), Object(CakeResponse))
#1 {main}
2017-03-24 21:38:37 Error: [MissingControllerException] Controller class FontsController could not be found.
Exception Attributes: array (
  'class' => 'FontsController',
  'plugin' => NULL,
)
Request URL: /OMA_envios/fonts/fontawesome-webfont.woff?v=4.6.3
Stack Trace:
#0 C:\wamp\www\OMA_envios\app\webroot\index.php(111): Dispatcher->dispatch(Object(CakeRequest), Object(CakeResponse))
#1 {main}
2017-03-24 21:38:37 Error: [MissingControllerException] Controller class FontsController could not be found.
Exception Attributes: array (
  'class' => 'FontsController',
  'plugin' => NULL,
)
Request URL: /OMA_envios/fonts/fontawesome-webfont.ttf?v=4.6.3
Stack Trace:
#0 C:\wamp\www\OMA_envios\app\webroot\index.php(111): Dispatcher->dispatch(Object(CakeRequest), Object(CakeResponse))
#1 {main}
2017-03-24 21:40:08 Error: [MissingControllerException] Controller class FontsController could not be found.
Exception Attributes: array (
  'class' => 'FontsController',
  'plugin' => NULL,
)
Request URL: /OMA_envios/fonts/fontawesome-webfont.woff2?v=4.6.3
Stack Trace:
#0 C:\wamp\www\OMA_envios\app\webroot\index.php(111): Dispatcher->dispatch(Object(CakeRequest), Object(CakeResponse))
#1 {main}
2017-03-24 21:40:08 Error: [MissingControllerException] Controller class CssController could not be found.
Exception Attributes: array (
  'class' => 'CssController',
  'plugin' => NULL,
)
Request URL: /OMA_envios/css/bootstrap.min.css.map
Stack Trace:
#0 C:\wamp\www\OMA_envios\app\webroot\index.php(111): Dispatcher->dispatch(Object(CakeRequest), Object(CakeResponse))
#1 {main}
2017-03-24 21:40:08 Error: [MissingControllerException] Controller class FontsController could not be found.
Exception Attributes: array (
  'class' => 'FontsController',
  'plugin' => NULL,
)
Request URL: /OMA_envios/fonts/fontawesome-webfont.woff?v=4.6.3
Stack Trace:
#0 C:\wamp\www\OMA_envios\app\webroot\index.php(111): Dispatcher->dispatch(Object(CakeRequest), Object(CakeResponse))
#1 {main}
2017-03-24 21:40:08 Error: [MissingControllerException] Controller class FontsController could not be found.
Exception Attributes: array (
  'class' => 'FontsController',
  'plugin' => NULL,
)
Request URL: /OMA_envios/fonts/fontawesome-webfont.ttf?v=4.6.3
Stack Trace:
#0 C:\wamp\www\OMA_envios\app\webroot\index.php(111): Dispatcher->dispatch(Object(CakeRequest), Object(CakeResponse))
#1 {main}
2017-03-24 21:41:00 Error: [MissingControllerException] Controller class FontsController could not be found.
Exception Attributes: array (
  'class' => 'FontsController',
  'plugin' => NULL,
)
Request URL: /OMA_envios/fonts/fontawesome-webfont.woff2?v=4.6.3
Stack Trace:
#0 C:\wamp\www\OMA_envios\app\webroot\index.php(111): Dispatcher->dispatch(Object(CakeRequest), Object(CakeResponse))
#1 {main}
2017-03-24 21:41:00 Error: [MissingControllerException] Controller class FontsController could not be found.
Exception Attributes: array (
  'class' => 'FontsController',
  'plugin' => NULL,
)
Request URL: /OMA_envios/fonts/fontawesome-webfont.woff?v=4.6.3
Stack Trace:
#0 C:\wamp\www\OMA_envios\app\webroot\index.php(111): Dispatcher->dispatch(Object(CakeRequest), Object(CakeResponse))
#1 {main}
2017-03-24 21:41:00 Error: [MissingControllerException] Controller class FontsController could not be found.
Exception Attributes: array (
  'class' => 'FontsController',
  'plugin' => NULL,
)
Request URL: /OMA_envios/fonts/fontawesome-webfont.ttf?v=4.6.3
Stack Trace:
#0 C:\wamp\www\OMA_envios\app\webroot\index.php(111): Dispatcher->dispatch(Object(CakeRequest), Object(CakeResponse))
#1 {main}
2017-03-24 21:45:43 Error: [MissingControllerException] Controller class CssController could not be found.
Exception Attributes: array (
  'class' => 'CssController',
  'plugin' => NULL,
)
Request URL: /OMA_envios/css/bootstrap.min.css.map
Stack Trace:
#0 C:\wamp\www\OMA_envios\app\webroot\index.php(111): Dispatcher->dispatch(Object(CakeRequest), Object(CakeResponse))
#1 {main}
2017-03-24 21:45:58 Error: [MissingControllerException] Controller class CssController could not be found.
Exception Attributes: array (
  'class' => 'CssController',
  'plugin' => NULL,
)
Request URL: /OMA_envios/css/bootstrap.min.css.map
Stack Trace:
#0 C:\wamp\www\OMA_envios\app\webroot\index.php(111): Dispatcher->dispatch(Object(CakeRequest), Object(CakeResponse))
#1 {main}
2017-03-24 21:47:46 Error: [MissingControllerException] Controller class CssController could not be found.
Exception Attributes: array (
  'class' => 'CssController',
  'plugin' => NULL,
)
Request URL: /OMA_envios/css/bootstrap.min.css.map
Stack Trace:
#0 C:\wamp\www\OMA_envios\app\webroot\index.php(111): Dispatcher->dispatch(Object(CakeRequest), Object(CakeResponse))
#1 {main}
2017-03-24 21:51:37 Error: [MissingControllerException] Controller class CssController could not be found.
Exception Attributes: array (
  'class' => 'CssController',
  'plugin' => NULL,
)
Request URL: /OMA_envios/css/bootstrap.min.css.map
Stack Trace:
#0 C:\wamp\www\OMA_envios\app\webroot\index.php(111): Dispatcher->dispatch(Object(CakeRequest), Object(CakeResponse))
#1 {main}
2017-03-24 22:01:58 Error: [MissingControllerException] Controller class CssController could not be found.
Exception Attributes: array (
  'class' => 'CssController',
  'plugin' => NULL,
)
Request URL: /OMA_envios/css/bootstrap.min.css.map
Stack Trace:
#0 C:\wamp\www\OMA_envios\app\webroot\index.php(111): Dispatcher->dispatch(Object(CakeRequest), Object(CakeResponse))
#1 {main}
2017-03-24 22:02:06 Error: [MissingControllerException] Controller class CssController could not be found.
Exception Attributes: array (
  'class' => 'CssController',
  'plugin' => NULL,
)
Request URL: /OMA_envios/css/bootstrap.min.css.map
Stack Trace:
#0 C:\wamp\www\OMA_envios\app\webroot\index.php(111): Dispatcher->dispatch(Object(CakeRequest), Object(CakeResponse))
#1 {main}
2017-03-24 22:02:19 Error: [MissingControllerException] Controller class CssController could not be found.
Exception Attributes: array (
  'class' => 'CssController',
  'plugin' => NULL,
)
Request URL: /OMA_envios/css/bootstrap.min.css.map
Stack Trace:
#0 C:\wamp\www\OMA_envios\app\webroot\index.php(111): Dispatcher->dispatch(Object(CakeRequest), Object(CakeResponse))
#1 {main}
2017-03-24 22:03:30 Error: [MissingControllerException] Controller class CssController could not be found.
Exception Attributes: array (
  'class' => 'CssController',
  'plugin' => NULL,
)
Request URL: /OMA_envios/css/bootstrap.min.css.map
Stack Trace:
#0 C:\wamp\www\OMA_envios\app\webroot\index.php(111): Dispatcher->dispatch(Object(CakeRequest), Object(CakeResponse))
#1 {main}
2017-03-24 22:04:14 Error: [MissingControllerException] Controller class CssController could not be found.
Exception Attributes: array (
  'class' => 'CssController',
  'plugin' => NULL,
)
Request URL: /OMA_envios/css/bootstrap.min.css.map
Stack Trace:
#0 C:\wamp\www\OMA_envios\app\webroot\index.php(111): Dispatcher->dispatch(Object(CakeRequest), Object(CakeResponse))
#1 {main}
2017-03-24 22:05:44 Error: [MissingControllerException] Controller class CssController could not be found.
Exception Attributes: array (
  'class' => 'CssController',
  'plugin' => NULL,
)
Request URL: /OMA_envios/css/bootstrap.min.css.map
Stack Trace:
#0 C:\wamp\www\OMA_envios\app\webroot\index.php(111): Dispatcher->dispatch(Object(CakeRequest), Object(CakeResponse))
#1 {main}
2017-03-24 22:06:15 Error: [MissingControllerException] Controller class CssController could not be found.
Exception Attributes: array (
  'class' => 'CssController',
  'plugin' => NULL,
)
Request URL: /OMA_envios/css/bootstrap.min.css.map
Stack Trace:
#0 C:\wamp\www\OMA_envios\app\webroot\index.php(111): Dispatcher->dispatch(Object(CakeRequest), Object(CakeResponse))
#1 {main}
2017-03-24 22:08:57 Error: [MissingControllerException] Controller class CssController could not be found.
Exception Attributes: array (
  'class' => 'CssController',
  'plugin' => NULL,
)
Request URL: /OMA_envios/css/bootstrap.min.css.map
Stack Trace:
#0 C:\wamp\www\OMA_envios\app\webroot\index.php(111): Dispatcher->dispatch(Object(CakeRequest), Object(CakeResponse))
#1 {main}
2017-03-24 22:10:26 Error: [MissingControllerException] Controller class CssController could not be found.
Exception Attributes: array (
  'class' => 'CssController',
  'plugin' => NULL,
)
Request URL: /OMA_envios/css/bootstrap.min.css.map
Stack Trace:
#0 C:\wamp\www\OMA_envios\app\webroot\index.php(111): Dispatcher->dispatch(Object(CakeRequest), Object(CakeResponse))
#1 {main}
2017-03-24 22:10:37 Error: [MissingControllerException] Controller class CssController could not be found.
Exception Attributes: array (
  'class' => 'CssController',
  'plugin' => NULL,
)
Request URL: /OMA_envios/css/bootstrap.min.css.map
Stack Trace:
#0 C:\wamp\www\OMA_envios\app\webroot\index.php(111): Dispatcher->dispatch(Object(CakeRequest), Object(CakeResponse))
#1 {main}
2017-03-24 22:10:46 Error: [MissingControllerException] Controller class CssController could not be found.
Exception Attributes: array (
  'class' => 'CssController',
  'plugin' => NULL,
)
Request URL: /OMA_envios/css/bootstrap.min.css.map
Stack Trace:
#0 C:\wamp\www\OMA_envios\app\webroot\index.php(111): Dispatcher->dispatch(Object(CakeRequest), Object(CakeResponse))
#1 {main}
2017-03-24 22:11:28 Error: [MissingControllerException] Controller class CssController could not be found.
Exception Attributes: array (
  'class' => 'CssController',
  'plugin' => NULL,
)
Request URL: /OMA_envios/css/bootstrap.min.css.map
Stack Trace:
#0 C:\wamp\www\OMA_envios\app\webroot\index.php(111): Dispatcher->dispatch(Object(CakeRequest), Object(CakeResponse))
#1 {main}
2017-03-24 22:12:20 Error: [MissingControllerException] Controller class CssController could not be found.
Exception Attributes: array (
  'class' => 'CssController',
  'plugin' => NULL,
)
Request URL: /OMA_envios/css/bootstrap.min.css.map
Stack Trace:
#0 C:\wamp\www\OMA_envios\app\webroot\index.php(111): Dispatcher->dispatch(Object(CakeRequest), Object(CakeResponse))
#1 {main}
2017-03-24 22:34:26 Error: [MissingControllerException] Controller class CssController could not be found.
Exception Attributes: array (
  'class' => 'CssController',
  'plugin' => NULL,
)
Request URL: /OMA_envios/css/bootstrap.min.css.map
Stack Trace:
#0 C:\wamp\www\OMA_envios\app\webroot\index.php(111): Dispatcher->dispatch(Object(CakeRequest), Object(CakeResponse))
#1 {main}
2017-03-24 22:38:07 Error: [MissingControllerException] Controller class CssController could not be found.
Exception Attributes: array (
  'class' => 'CssController',
  'plugin' => NULL,
)
Request URL: /OMA_envios/css/bootstrap.min.css.map
Stack Trace:
#0 C:\wamp\www\OMA_envios\app\webroot\index.php(111): Dispatcher->dispatch(Object(CakeRequest), Object(CakeResponse))
#1 {main}
2017-03-24 22:38:33 Error: [MissingControllerException] Controller class CssController could not be found.
Exception Attributes: array (
  'class' => 'CssController',
  'plugin' => NULL,
)
Request URL: /OMA_envios/css/bootstrap.min.css.map
Stack Trace:
#0 C:\wamp\www\OMA_envios\app\webroot\index.php(111): Dispatcher->dispatch(Object(CakeRequest), Object(CakeResponse))
#1 {main}
2017-03-24 22:43:50 Error: [MissingControllerException] Controller class CssController could not be found.
Exception Attributes: array (
  'class' => 'CssController',
  'plugin' => NULL,
)
Request URL: /OMA_envios/css/bootstrap.min.css.map
Stack Trace:
#0 C:\wamp\www\OMA_envios\app\webroot\index.php(111): Dispatcher->dispatch(Object(CakeRequest), Object(CakeResponse))
#1 {main}
2017-03-24 22:50:44 Error: [MissingControllerException] Controller class CssController could not be found.
Exception Attributes: array (
  'class' => 'CssController',
  'plugin' => NULL,
)
Request URL: /OMA_envios/css/bootstrap.min.css.map
Stack Trace:
#0 C:\wamp\www\OMA_envios\app\webroot\index.php(111): Dispatcher->dispatch(Object(CakeRequest), Object(CakeResponse))
#1 {main}
2017-03-24 22:52:20 Error: [MissingControllerException] Controller class CssController could not be found.
Exception Attributes: array (
  'class' => 'CssController',
  'plugin' => NULL,
)
Request URL: /OMA_envios/css/bootstrap.min.css.map
Stack Trace:
#0 C:\wamp\www\OMA_envios\app\webroot\index.php(111): Dispatcher->dispatch(Object(CakeRequest), Object(CakeResponse))
#1 {main}
2017-03-24 22:52:44 Error: [MissingControllerException] Controller class CssController could not be found.
Exception Attributes: array (
  'class' => 'CssController',
  'plugin' => NULL,
)
Request URL: /OMA_envios/css/bootstrap.min.css.map
Stack Trace:
#0 C:\wamp\www\OMA_envios\app\webroot\index.php(111): Dispatcher->dispatch(Object(CakeRequest), Object(CakeResponse))
#1 {main}
2017-03-24 22:54:32 Error: [MissingControllerException] Controller class CssController could not be found.
Exception Attributes: array (
  'class' => 'CssController',
  'plugin' => NULL,
)
Request URL: /OMA_envios/css/bootstrap.min.css.map
Stack Trace:
#0 C:\wamp\www\OMA_envios\app\webroot\index.php(111): Dispatcher->dispatch(Object(CakeRequest), Object(CakeResponse))
#1 {main}
2017-03-24 22:54:39 Error: [MissingControllerException] Controller class CssController could not be found.
Exception Attributes: array (
  'class' => 'CssController',
  'plugin' => NULL,
)
Request URL: /OMA_envios/css/bootstrap.min.css.map
Stack Trace:
#0 C:\wamp\www\OMA_envios\app\webroot\index.php(111): Dispatcher->dispatch(Object(CakeRequest), Object(CakeResponse))
#1 {main}
2017-03-24 22:54:42 Error: [MissingControllerException] Controller class CssController could not be found.
Exception Attributes: array (
  'class' => 'CssController',
  'plugin' => NULL,
)
Request URL: /OMA_envios/css/bootstrap.min.css.map
Stack Trace:
#0 C:\wamp\www\OMA_envios\app\webroot\index.php(111): Dispatcher->dispatch(Object(CakeRequest), Object(CakeResponse))
#1 {main}
2017-03-24 22:55:20 Error: [MissingControllerException] Controller class CssController could not be found.
Exception Attributes: array (
  'class' => 'CssController',
  'plugin' => NULL,
)
Request URL: /OMA_envios/css/bootstrap.min.css.map
Stack Trace:
#0 C:\wamp\www\OMA_envios\app\webroot\index.php(111): Dispatcher->dispatch(Object(CakeRequest), Object(CakeResponse))
#1 {main}
2017-03-24 22:56:41 Error: [MissingControllerException] Controller class CssController could not be found.
Exception Attributes: array (
  'class' => 'CssController',
  'plugin' => NULL,
)
Request URL: /OMA_envios/css/bootstrap.min.css.map
Stack Trace:
#0 C:\wamp\www\OMA_envios\app\webroot\index.php(111): Dispatcher->dispatch(Object(CakeRequest), Object(CakeResponse))
#1 {main}
2017-03-24 23:03:40 Error: [MissingControllerException] Controller class CssController could not be found.
Exception Attributes: array (
  'class' => 'CssController',
  'plugin' => NULL,
)
Request URL: /OMA_envios/css/bootstrap.min.css.map
Stack Trace:
#0 C:\wamp\www\OMA_envios\app\webroot\index.php(111): Dispatcher->dispatch(Object(CakeRequest), Object(CakeResponse))
#1 {main}
2017-03-24 23:04:02 Error: [MissingControllerException] Controller class CssController could not be found.
Exception Attributes: array (
  'class' => 'CssController',
  'plugin' => NULL,
)
Request URL: /OMA_envios/css/bootstrap.min.css.map
Stack Trace:
#0 C:\wamp\www\OMA_envios\app\webroot\index.php(111): Dispatcher->dispatch(Object(CakeRequest), Object(CakeResponse))
#1 {main}
2017-03-24 23:04:05 Error: [MissingControllerException] Controller class CssController could not be found.
Exception Attributes: array (
  'class' => 'CssController',
  'plugin' => NULL,
)
Request URL: /OMA_envios/css/bootstrap.min.css.map
Stack Trace:
#0 C:\wamp\www\OMA_envios\app\webroot\index.php(111): Dispatcher->dispatch(Object(CakeRequest), Object(CakeResponse))
#1 {main}
2017-03-24 23:04:57 Error: [MissingControllerException] Controller class FormController could not be found.
Exception Attributes: array (
  'class' => 'FormController',
  'plugin' => NULL,
)
Request URL: /OMA_envios/form.html
Stack Trace:
#0 C:\wamp\www\OMA_envios\app\webroot\index.php(111): Dispatcher->dispatch(Object(CakeRequest), Object(CakeResponse))
#1 {main}
2017-03-24 23:05:09 Error: [MissingControllerException] Controller class CssController could not be found.
Exception Attributes: array (
  'class' => 'CssController',
  'plugin' => NULL,
)
Request URL: /OMA_envios/css/bootstrap.min.css.map
Stack Trace:
#0 C:\wamp\www\OMA_envios\app\webroot\index.php(111): Dispatcher->dispatch(Object(CakeRequest), Object(CakeResponse))
#1 {main}
2017-03-24 23:05:52 Error: [MissingControllerException] Controller class LoginController could not be found.
Exception Attributes: array (
  'class' => 'LoginController',
  'plugin' => NULL,
)
Request URL: /OMA_envios/login.html
Stack Trace:
#0 C:\wamp\www\OMA_envios\app\webroot\index.php(111): Dispatcher->dispatch(Object(CakeRequest), Object(CakeResponse))
#1 {main}
2017-03-24 23:05:52 Error: [MissingControllerException] Controller class CssController could not be found.
Exception Attributes: array (
  'class' => 'CssController',
  'plugin' => NULL,
)
Request URL: /OMA_envios/css/bootstrap.min.css.map
Stack Trace:
#0 C:\wamp\www\OMA_envios\app\webroot\index.php(111): Dispatcher->dispatch(Object(CakeRequest), Object(CakeResponse))
#1 {main}
2017-03-24 23:06:27 Error: [MissingControllerException] Controller class LoginController could not be found.
Exception Attributes: array (
  'class' => 'LoginController',
  'plugin' => NULL,
)
Request URL: /OMA_envios/login.html
Stack Trace:
#0 C:\wamp\www\OMA_envios\app\webroot\index.php(111): Dispatcher->dispatch(Object(CakeRequest), Object(CakeResponse))
#1 {main}
2017-03-24 23:06:27 Error: [MissingControllerException] Controller class CssController could not be found.
Exception Attributes: array (
  'class' => 'CssController',
  'plugin' => NULL,
)
Request URL: /OMA_envios/css/bootstrap.min.css.map
Stack Trace:
#0 C:\wamp\www\OMA_envios\app\webroot\index.php(111): Dispatcher->dispatch(Object(CakeRequest), Object(CakeResponse))
#1 {main}
2017-03-24 23:07:19 Error: [MissingControllerException] Controller class LoginController could not be found.
Exception Attributes: array (
  'class' => 'LoginController',
  'plugin' => NULL,
)
Request URL: /OMA_envios/login.html
Stack Trace:
#0 C:\wamp\www\OMA_envios\app\webroot\index.php(111): Dispatcher->dispatch(Object(CakeRequest), Object(CakeResponse))
#1 {main}
2017-03-24 23:07:19 Error: [MissingControllerException] Controller class CssController could not be found.
Exception Attributes: array (
  'class' => 'CssController',
  'plugin' => NULL,
)
Request URL: /OMA_envios/css/bootstrap.min.css.map
Stack Trace:
#0 C:\wamp\www\OMA_envios\app\webroot\index.php(111): Dispatcher->dispatch(Object(CakeRequest), Object(CakeResponse))
#1 {main}
2017-03-24 23:07:54 Error: [MissingControllerException] Controller class LoginController could not be found.
Exception Attributes: array (
  'class' => 'LoginController',
  'plugin' => NULL,
)
Request URL: /OMA_envios/login.html
Stack Trace:
#0 C:\wamp\www\OMA_envios\app\webroot\index.php(111): Dispatcher->dispatch(Object(CakeRequest), Object(CakeResponse))
#1 {main}
2017-03-24 23:07:55 Error: [MissingControllerException] Controller class CssController could not be found.
Exception Attributes: array (
  'class' => 'CssController',
  'plugin' => NULL,
)
Request URL: /OMA_envios/css/bootstrap.min.css.map
Stack Trace:
#0 C:\wamp\www\OMA_envios\app\webroot\index.php(111): Dispatcher->dispatch(Object(CakeRequest), Object(CakeResponse))
#1 {main}
2017-03-24 23:08:15 Error: [MissingControllerException] Controller class LoginController could not be found.
Exception Attributes: array (
  'class' => 'LoginController',
  'plugin' => NULL,
)
Request URL: /OMA_envios/login.html
Stack Trace:
#0 C:\wamp\www\OMA_envios\app\webroot\index.php(111): Dispatcher->dispatch(Object(CakeRequest), Object(CakeResponse))
#1 {main}
